VISA Manufacturer: SocketIO
Hello, I am Rohde&Schwarz,FSV3030,1330.5000K30/102136,2.00SP1
[3.  2.5 2.  1.5 1. ]
POINST TOTAL =  2112 Point Range =  132
Channel 1 PEP level: -10.0 dBm
Direct SCPI response on *IDN?: Rohde&Schwarz,SMM100A,1440.8002K02/101983,5.10.035.38  
Measurement prepared. freq: 5500000000.0 span: 0 mode: WRITe revlevel: -40 rbw: 2000 Hz swepnt: 2112 swtcnt: 1
Measurement time: 1.156 s
PAT:  0000000000000000000000000000000000000000000000000000000000000003 POW MAX:  -70.76842149098714
PAT:  00000000000000000000000000000000000000000000000000000000000000c3 POW MAX:  -70.16869481404622
PAT:  00000000000000000000000000000000000000000000000000000000000003c3 POW MAX:  -69.46300771501329
PAT:  000000000000000000000000000000000000000000000000000000000000e3c3 POW MAX:  -68.90790557861328
PAT:  000000000000000000000000000000000000000000000000000000000003e3c3 POW MAX:  -68.72350396050348
PAT:  0000000000000000000000000000000000000000000000000000000000a3e3c3 POW MAX:  -68.23293760087755
PAT:  0000000000000000000000000000000000000000000000000000000003a3e3c3 POW MAX:  -67.65302891201443
PAT:  00000000000000000000000000000000000000000000000000000000e3a3e3c3 POW MAX:  -67.06906594170465
PAT:  00000000000000000000000000000000000000000000000000000003e3a3e3c3 POW MAX:  -66.83095052507188
PAT:  000000000000000000000000000000000000000000000000000000c3e3a3e3c3 POW MAX:  -66.42484177483453
PAT:  000000000000000000000000000000000000000000000000000003c3e3a3e3c3 POW MAX:  -66.02394209967719
PAT:  0000000000000000000000000000000000000000000000000000c3c3e3a3e3c3 POW MAX:  -65.65549182891846
PAT:  0000000000000000000000000000000000000000000000000003c3c3e3a3e3c3 POW MAX:  -65.34640259212918
PAT:  00000000000000000000000000000000000000000000000000c3c3c3e3a3e3c3 POW MAX:  -65.17569192250569
PAT:  00000000000000000000000000000000000000000000000007c3c3c3e3a3e3c3 POW MAX:  -64.70006381140814
PAT:  000000000000000000000000000000000000000000000000c7c3c3c3e3a3e3c3 POW MAX:  -64.55212741427951
PAT:  000000000000000000000000000000000000000000000002c7c3c3c3e3a3e3c3 POW MAX:  -64.34806029001872
PAT:  000000000000000000000000000000000000000000000082c7c3c3c3e3a3e3c3 POW MAX:  -64.1725082397461
PAT:  000000000000000000000000000000000000000000000782c7c3c3c3e3a3e3c3 POW MAX:  -63.64719692866007
PAT:  00000000000000000000000000000000000000000000c782c7c3c3c3e3a3e3c3 POW MAX:  -63.49518553415934
PAT:  00000000000000000000000000000000000000000007c782c7c3c3c3e3a3e3c3 POW MAX:  -63.28243186738756
PAT:  000000000000000000000000000000000000000000c7c782c7c3c3c3e3a3e3c3 POW MAX:  -63.02326154708862
PAT:  000000000000000000000000000000000000000007c7c782c7c3c3c3e3a3e3c3 POW MAX:  -62.66260968314277
PAT:  0000000000000000000000000000000000000000c7c7c782c7c3c3c3e3a3e3c3 POW MAX:  -62.3787399397956
PAT:  0000000000000000000000000000000000000007c7c7c782c7c3c3c3e3a3e3c3 POW MAX:  -62.018146408928764
PAT:  0000000000000000000000000000000000000087c7c7c782c7c3c3c3e3a3e3c3 POW MAX:  -61.92164293924967
PAT:  0000000000000000000000000000000000000687c7c7c782c7c3c3c3e3a3e3c3 POW MAX:  -61.74006589253744
PAT:  000000000000000000000000000000000000c687c7c7c782c7c3c3c3e3a3e3c3 POW MAX:  -61.4755171140035
PAT:  00000000000000000000000000000000000fc687c7c7c782c7c3c3c3e3a3e3c3 POW MAX:  -61.238662560780845
PAT:  00000000000000000000000000000000008fc687c7c7c782c7c3c3c3e3a3e3c3 POW MAX:  -61.177669048309326
PAT:  000000000000000000000000000000000f8fc687c7c7c782c7c3c3c3e3a3e3c3 POW MAX:  -60.89464961157905
PAT:  000000000000000000000000000000008f8fc687c7c7c782c7c3c3c3e3a3e3c3 POW MAX:  -60.81072425842285
PAT:  0000000000000000000000000000000f8f8fc687c7c7c782c7c3c3c3e3a3e3c3 POW MAX:  -60.363343715667725
PAT:  0000000000000000000000000000008f8f8fc687c7c7c782c7c3c3c3e3a3e3c3 POW MAX:  -60.38011524412367
PAT:  0000000000000000000000000000078f8f8fc687c7c7c782c7c3c3c3e3a3e3c3 POW MAX:  -60.12178659439087
PAT:  0000000000000000000000000000c78f8f8fc687c7c7c782c7c3c3c3e3a3e3c3 POW MAX:  -60.04240486356947
PAT:  000000000000000000000000000fc78f8f8fc687c7c7c782c7c3c3c3e3a3e3c3 POW MAX:  -59.71450270546807
PAT:  000000000000000000000000008fc78f8f8fc687c7c7c782c7c3c3c3e3a3e3c3 POW MAX:  -59.6975605222914
PAT:  000000000000000000000000078fc78f8f8fc687c7c7c782c7c3c3c3e3a3e3c3 POW MAX:  -59.529816998375786
PAT:  000000000000000000000000878fc78f8f8fc687c7c7c782c7c3c3c3e3a3e3c3 POW MAX:  -59.400801711612274
PAT:  000000000000000000000007878fc78f8f8fc687c7c7c782c7c3c3c3e3a3e3c3 POW MAX:  -59.205458058251274
PAT:  000000000000000000000087878fc78f8f8fc687c7c7c782c7c3c3c3e3a3e3c3 POW MAX:  -59.107827292548286
PAT:  000000000000000000000787878fc78f8f8fc687c7c7c782c7c3c3c3e3a3e3c3 POW MAX:  -58.8988626797994
PAT:  00000000000000000000c787878fc78f8f8fc687c7c7c782c7c3c3c3e3a3e3c3 POW MAX:  -58.654206381903755
PAT:  00000000000000000007c787878fc78f8f8fc687c7c7c782c7c3c3c3e3a3e3c3 POW MAX:  -58.36855114830865
PAT:  00000000000000000087c787878fc78f8f8fc687c7c7c782c7c3c3c3e3a3e3c3 POW MAX:  -58.31026135550605
PAT:  00000000000000000787c787878fc78f8f8fc687c7c7c782c7c3c3c3e3a3e3c3 POW MAX:  -57.98945956759982
PAT:  0000000000000000c787c787878fc78f8f8fc687c7c7c782c7c3c3c3e3a3e3c3 POW MAX:  -57.879842599232994
PAT:  000000000000000fc787c787878fc78f8f8fc687c7c7c782c7c3c3c3e3a3e3c3 POW MAX:  -57.58780394660102
PAT:  000000000000000fc787c787878fc78f8f8fc687c7c7c782c7c3c3c3e3a3e3c3 POW MAX:  -57.588058418697784
PAT:  000000000000070fc787c787878fc78f8f8fc687c7c7c782c7c3c3c3e3a3e3c3 POW MAX:  -57.43668248918321
PAT:  000000000000870fc787c787878fc78f8f8fc687c7c7c782c7c3c3c3e3a3e3c3 POW MAX:  -57.3436991903517
PAT:  000000000007870fc787c787878fc78f8f8fc687c7c7c782c7c3c3c3e3a3e3c3 POW MAX:  -57.21159574720595
PAT:  000000000087870fc787c787878fc78f8f8fc687c7c7c782c7c3c3c3e3a3e3c3 POW MAX:  -57.13870822058784
PAT:  000000000787870fc787c787878fc78f8f8fc687c7c7c782c7c3c3c3e3a3e3c3 POW MAX:  -57.07619465721978
PAT:  00000000c787870fc787c787878fc78f8f8fc687c7c7c782c7c3c3c3e3a3e3c3 POW MAX:  -56.884919219546845
PAT:  00000002c787870fc787c787878fc78f8f8fc687c7c7c782c7c3c3c3e3a3e3c3 POW MAX:  -56.83577659395006
PAT:  000000c2c787870fc787c787878fc78f8f8fc687c7c7c782c7c3c3c3e3a3e3c3 POW MAX:  -56.77572955025567
PAT:  000007c2c787870fc787c787878fc78f8f8fc687c7c7c782c7c3c3c3e3a3e3c3 POW MAX:  -56.596483919355606
PAT:  0000c7c2c787870fc787c787878fc78f8f8fc687c7c7c782c7c3c3c3e3a3e3c3 POW MAX:  -56.437377240922714
PAT:  0007c7c2c787870fc787c787878fc78f8f8fc687c7c7c782c7c3c3c3e3a3e3c3 POW MAX:  -56.308533880445694
PAT:  0007c7c2c787870fc787c787878fc78f8f8fc687c7c7c782c7c3c3c3e3a3e3c3 POW MAX:  -56.34724420971341
PAT:  0707c7c2c787870fc787c787878fc78f8f8fc687c7c7c782c7c3c3c3e3a3e3c3 POW MAX:  -56.03876108593411
PAT:  8707c7c2c787870fc787c787878fc78f8f8fc687c7c7c782c7c3c3c3e3a3e3c3 POW MAX:  -55.962666511535645
POINST TOTAL =  1759 Point Range =  109
Channel 1 PEP level: -10.0 dBm
Direct SCPI response on *IDN?: Rohde&Schwarz,SMM100A,1440.8002K02/101983,5.10.035.38  
Measurement prepared. freq: 5500000000.0 span: 0 mode: WRITe revlevel: -40 rbw: 2000 Hz swepnt: 1759 swtcnt: 1
Measurement time: 0.98 s
PAT:  0000000000000000000000000000000000000000000000000000000000000003 POW MAX:  -70.74950767049984
PAT:  00000000000000000000000000000000000000000000000000000000000000c3 POW MAX:  -70.25978913599131
PAT:  00000000000000000000000000000000000000000000000000000000000007c3 POW MAX:  -69.47071978510643
PAT:  000000000000000000000000000000000000000000000000000000000000c7c3 POW MAX:  -68.86317054592833
PAT:  000000000000000000000000000000000000000000000000000000000003c7c3 POW MAX:  -68.71533389967315
PAT:  000000000000000000000000000000000000000000000000000000000083c7c3 POW MAX:  -68.25784691012636
PAT:  000000000000000000000000000000000000000000000000000000000783c7c3 POW MAX:  -67.58431025913784
PAT:  00000000000000000000000000000000000000000000000000000000e783c7c3 POW MAX:  -66.94092575384646
PAT:  00000000000000000000000000000000000000000000000000000003e783c7c3 POW MAX:  -66.65797471026985
PAT:  000000000000000000000000000000000000000000000000000000e3e783c7c3 POW MAX:  -66.264650617327
PAT:  000000000000000000000000000000000000000000000000000007e3e783c7c3 POW MAX:  -65.7818491410236
PAT:  0000000000000000000000000000000000000000000000000000c7e3e783c7c3 POW MAX:  -65.45628216801857
PAT:  0000000000000000000000000000000000000000000000000002c7e3e783c7c3 POW MAX:  -65.22157614571708
PAT:  0000000000000000000000000000000000000000000000000082c7e3e783c7c3 POW MAX:  -65.20226085429289
PAT:  0000000000000000000000000000000000000000000000000782c7e3e783c7c3 POW MAX:  -64.67522710683394
PAT:  000000000000000000000000000000000000000000000000c782c7e3e783c7c3 POW MAX:  -64.51549140774473
PAT:  000000000000000000000000000000000000000000000003c782c7e3e783c7c3 POW MAX:  -64.22470762291734
PAT:  000000000000000000000000000000000000000000000083c782c7e3e783c7c3 POW MAX:  -64.03160967145648
PAT:  000000000000000000000000000000000000000000000783c782c7e3e783c7c3 POW MAX:  -63.52544146167989
PAT:  00000000000000000000000000000000000000000000c783c782c7e3e783c7c3 POW MAX:  -63.36886028367646
PAT:  00000000000000000000000000000000000000000007c783c782c7e3e783c7c3 POW MAX:  -63.05748094831194
PAT:  000000000000000000000000000000000000000000c7c783c782c7e3e783c7c3 POW MAX:  -62.90236523686623
PAT:  000000000000000000000000000000000000000006c7c783c782c7e3e783c7c3 POW MAX:  -62.591547907615194
PAT:  0000000000000000000000000000000000000000c6c7c783c782c7e3e783c7c3 POW MAX:  -62.38578500553053
PAT:  0000000000000000000000000000000000000007c6c7c783c782c7e3e783c7c3 POW MAX:  -61.95519451219209
PAT:  0000000000000000000000000000000000000087c6c7c783c782c7e3e783c7c3 POW MAX:  -61.86469759259905
PAT:  0000000000000000000000000000000000000787c6c7c783c782c7e3e783c7c3 POW MAX:  -61.45123797046895
PAT:  000000000000000000000000000000000000c787c6c7c783c782c7e3e783c7c3 POW MAX:  -61.220038900569996
PAT:  000000000000000000000000000000000007c787c6c7c783c782c7e3e783c7c3 POW MAX:  -60.895332180723855
PAT:  000000000000000000000000000000000087c787c6c7c783c782c7e3e783c7c3 POW MAX:  -60.83345810247927
PAT:  000000000000000000000000000000000787c787c6c7c783c782c7e3e783c7c3 POW MAX:  -60.55635506766183
PAT:  00000000000000000000000000000000c787c787c6c7c783c782c7e3e783c7c3 POW MAX:  -60.48571201246612
PAT:  00000000000000000000000000000007c787c787c6c7c783c782c7e3e783c7c3 POW MAX:  -60.105573459547394
PAT:  00000000000000000000000000000087c787c787c6c7c783c782c7e3e783c7c3 POW MAX:  -60.13622011457171
PAT:  00000000000000000000000000000787c787c787c6c7c783c782c7e3e783c7c3 POW MAX:  -59.88710675920759
PAT:  00000000000000000000000000008787c787c787c6c7c783c782c7e3e783c7c3 POW MAX:  -59.80465013153699
PAT:  00000000000000000000000000078787c787c787c6c7c783c782c7e3e783c7c3 POW MAX:  -59.51535057534977
PAT:  00000000000000000000000000878787c787c787c6c7c783c782c7e3e783c7c3 POW MAX:  -59.49907396277603
PAT:  00000000000000000000000007878787c787c787c6c7c783c782c7e3e783c7c3 POW MAX:  -59.29201772261639
PAT:  000000000000000000000000c7878787c787c787c6c7c783c782c7e3e783c7c3 POW MAX:  -59.10196888203524
PAT:  000000000000000000000007c7878787c787c787c6c7c783c782c7e3e783c7c3 POW MAX:  -58.9088689064493
PAT:  0000000000000000000000c7c7878787c787c787c6c7c783c782c7e3e783c7c3 POW MAX:  -58.87758387351523
PAT:  0000000000000000000007c7c7878787c787c787c6c7c783c782c7e3e783c7c3 POW MAX:  -58.63067222128109
PAT:  00000000000000000000c7c7c7878787c787c787c6c7c783c782c7e3e783c7c3 POW MAX:  -58.51079668317522
PAT:  00000000000000000007c7c7c7878787c787c787c6c7c783c782c7e3e783c7c3 POW MAX:  -58.211775332081075
PAT:  00000000000000000087c7c7c7878787c787c787c6c7c783c782c7e3e783c7c3 POW MAX:  -58.23783975717973
PAT:  00000000000000000787c7c7c7878787c787c787c6c7c783c782c7e3e783c7c3 POW MAX:  -57.87322507585798
PAT:  0000000000000000c787c7c7c7878787c787c787c6c7c783c782c7e3e783c7c3 POW MAX:  -57.77602970356844
PAT:  0000000000000007c787c7c7c7878787c787c787c6c7c783c782c7e3e783c7c3 POW MAX:  -57.456216228251556
PAT:  0000000000000007c787c7c7c7878787c787c787c6c7c783c782c7e3e783c7c3 POW MAX:  -57.46522950152961
PAT:  0000000000000707c787c7c7c7878787c787c787c6c7c783c782c7e3e783c7c3 POW MAX:  -57.32562497197365
PAT:  0000000000008707c787c7c7c7878787c787c787c6c7c783c782c7e3e783c7c3 POW MAX:  -57.233845379887796
PAT:  0000000000078707c787c7c7c7878787c787c787c6c7c783c782c7e3e783c7c3 POW MAX:  -57.129964400310904
PAT:  0000000000c78707c787c7c7c7878787c787c787c6c7c783c782c7e3e783c7c3 POW MAX:  -57.04599699682119
PAT:  0000000006c78707c787c7c7c7878787c787c787c6c7c783c782c7e3e783c7c3 POW MAX:  -56.971774899229715
PAT:  00000000c6c78707c787c7c7c7878787c787c787c6c7c783c782c7e3e783c7c3 POW MAX:  -56.81913632762675
PAT:  00000003c6c78707c787c7c7c7878787c787c787c6c7c783c782c7e3e783c7c3 POW MAX:  -56.73182693792849
PAT:  00000083c6c78707c787c7c7c7878787c787c787c6c7c783c782c7e3e783c7c3 POW MAX:  -56.6608998824139
PAT:  00000783c6c78707c787c7c7c7878787c787c787c6c7c783c782c7e3e783c7c3 POW MAX:  -56.43306817813795
PAT:  0000c783c6c78707c787c7c7c7878787c787c787c6c7c783c782c7e3e783c7c3 POW MAX:  -56.28467855648119
PAT:  0007c783c6c78707c787c7c7c7878787c787c787c6c7c783c782c7e3e783c7c3 POW MAX:  -56.12217790253308
PAT:  0087c783c6c78707c787c7c7c7878787c787c787c6c7c783c782c7e3e783c7c3 POW MAX:  -56.18103253111548
PAT:  0687c783c6c78707c787c7c7c7878787c787c787c6c7c783c782c7e3e783c7c3 POW MAX:  -55.95988145166514
PAT:  8687c783c6c78707c787c7c7c7878787c787c787c6c7c783c782c7e3e783c7c3 POW MAX:  -55.871889698262116
POINST TOTAL =  1408 Point Range =  88
Channel 1 PEP level: -10.0 dBm
Direct SCPI response on *IDN?: Rohde&Schwarz,SMM100A,1440.8002K02/101983,5.10.035.38  
Measurement prepared. freq: 5500000000.0 span: 0 mode: WRITe revlevel: -40 rbw: 2000 Hz swepnt: 1408 swtcnt: 1
Measurement time: 0.804 s
PAT:  0000000000000000000000000000000000000000000000000000000000000002 POW MAX:  -70.84771646772113
PAT:  00000000000000000000000000000000000000000000000000000000000000c2 POW MAX:  -70.3999603816441
PAT:  00000000000000000000000000000000000000000000000000000000000007c2 POW MAX:  -69.86709594726562
PAT:  000000000000000000000000000000000000000000000000000000000000c7c2 POW MAX:  -69.09000478472028
PAT:  000000000000000000000000000000000000000000000000000000000000c7c2 POW MAX:  -69.09711946759906
PAT:  0000000000000000000000000000000000000000000000000000000000c0c7c2 POW MAX:  -68.62995665413993
PAT:  0000000000000000000000000000000000000000000000000000000007c0c7c2 POW MAX:  -68.12870625087193
PAT:  00000000000000000000000000000000000000000000000000000000e7c0c7c2 POW MAX:  -67.20303780691964
PAT:  00000000000000000000000000000000000000000000000000000000e7c0c7c2 POW MAX:  -67.15746361868722
PAT:  000000000000000000000000000000000000000000000000000000a0e7c0c7c2 POW MAX:  -66.91706275939941
PAT:  000000000000000000000000000000000000000000000000000006a0e7c0c7c2 POW MAX:  -66.50470651899066
PAT:  0000000000000000000000000000000000000000000000000000c6a0e7c0c7c2 POW MAX:  -66.2652999332973
PAT:  0000000000000000000000000000000000000000000000000002c6a0e7c0c7c2 POW MAX:  -66.08408301217216
PAT:  00000000000000000000000000000000000000000000000000c2c6a0e7c0c7c2 POW MAX:  -65.91554505484444
PAT:  00000000000000000000000000000000000000000000000007c2c6a0e7c0c7c2 POW MAX:  -65.25228881835938
PAT:  000000000000000000000000000000000000000000000000c7c2c6a0e7c0c7c2 POW MAX:  -65.05027335030692
PAT:  000000000000000000000000000000000000000000000002c7c2c6a0e7c0c7c2 POW MAX:  -64.83857563563755
PAT:  000000000000000000000000000000000000000000000082c7c2c6a0e7c0c7c2 POW MAX:  -64.71354375566754
PAT:  000000000000000000000000000000000000000000000782c7c2c6a0e7c0c7c2 POW MAX:  -64.34413310459682
PAT:  00000000000000000000000000000000000000000000c782c7c2c6a0e7c0c7c2 POW MAX:  -64.06966836111886
PAT:  00000000000000000000000000000000000000000007c782c7c2c6a0e7c0c7c2 POW MAX:  -63.80451420375279
PAT:  00000000000000000000000000000000000000000087c782c7c2c6a0e7c0c7c2 POW MAX:  -63.60025010790144
PAT:  00000000000000000000000000000000000000000787c782c7c2c6a0e7c0c7c2 POW MAX:  -63.25405434199742
PAT:  0000000000000000000000000000000000000000c787c782c7c2c6a0e7c0c7c2 POW MAX:  -62.9161947795323
PAT:  000000000000000000000000000000000000000fc787c782c7c2c6a0e7c0c7c2 POW MAX:  -62.52877753121512
PAT:  00000000000000000000000000000000000000cfc787c782c7c2c6a0e7c0c7c2 POW MAX:  -62.37546294076102
PAT:  00000000000000000000000000000000000007cfc787c782c7c2c6a0e7c0c7c2 POW MAX:  -62.13270773206438
PAT:  000000000000000000000000000000000000c7cfc787c782c7c2c6a0e7c0c7c2 POW MAX:  -61.78246661594936
PAT:  00000000000000000000000000000000000fc7cfc787c782c7c2c6a0e7c0c7c2 POW MAX:  -61.44999531337193
PAT:  00000000000000000000000000000000008fc7cfc787c782c7c2c6a0e7c0c7c2 POW MAX:  -61.452843938555034
PAT:  00000000000000000000000000000000068fc7cfc787c782c7c2c6a0e7c0c7c2 POW MAX:  -61.13741956438337
PAT:  00000000000000000000000000000000c68fc7cfc787c782c7c2c6a0e7c0c7c2 POW MAX:  -61.082931654793875
PAT:  0000000000000000000000000000000fc68fc7cfc787c782c7c2c6a0e7c0c7c2 POW MAX:  -60.641904422215056
PAT:  0000000000000000000000000000008fc68fc7cfc787c782c7c2c6a0e7c0c7c2 POW MAX:  -60.662966183253694
PAT:  0000000000000000000000000000068fc68fc7cfc787c782c7c2c6a0e7c0c7c2 POW MAX:  -60.38923699515207
PAT:  0000000000000000000000000000868fc68fc7cfc787c782c7c2c6a0e7c0c7c2 POW MAX:  -60.34235749925886
PAT:  000000000000000000000000000f868fc68fc7cfc787c782c7c2c6a0e7c0c7c2 POW MAX:  -59.99771785736084
PAT:  000000000000000000000000008f868fc68fc7cfc787c782c7c2c6a0e7c0c7c2 POW MAX:  -59.96545192173549
PAT:  000000000000000000000000078f868fc68fc7cfc787c782c7c2c6a0e7c0c7c2 POW MAX:  -59.77513299669538
PAT:  000000000000000000000000c78f868fc68fc7cfc787c782c7c2c6a0e7c0c7c2 POW MAX:  -59.5369554247175
PAT:  00000000000000000000000fc78f868fc68fc7cfc787c782c7c2c6a0e7c0c7c2 POW MAX:  -59.36360427311489
PAT:  00000000000000000000008fc78f868fc68fc7cfc787c782c7c2c6a0e7c0c7c2 POW MAX:  -59.28784820011684
PAT:  00000000000000000000078fc78f868fc68fc7cfc787c782c7c2c6a0e7c0c7c2 POW MAX:  -59.08135373251779
PAT:  00000000000000000000c78fc78f868fc68fc7cfc787c782c7c2c6a0e7c0c7c2 POW MAX:  -58.941128322056365
PAT:  0000000000000000000fc78fc78f868fc68fc7cfc787c782c7c2c6a0e7c0c7c2 POW MAX:  -58.63487502506801
PAT:  0000000000000000008fc78fc78f868fc68fc7cfc787c782c7c2c6a0e7c0c7c2 POW MAX:  -58.58655234745571
PAT:  0000000000000000068fc78fc78f868fc68fc7cfc787c782c7c2c6a0e7c0c7c2 POW MAX:  -58.303272928510395
PAT:  0000000000000000c68fc78fc78f868fc68fc7cfc787c782c7c2c6a0e7c0c7c2 POW MAX:  -58.22620269230434
PAT:  000000000000000fc68fc78fc78f868fc68fc7cfc787c782c7c2c6a0e7c0c7c2 POW MAX:  -57.849043301173616
PAT:  000000000000008fc68fc78fc78f868fc68fc7cfc787c782c7c2c6a0e7c0c7c2 POW MAX:  -57.863618169512065
PAT:  000000000000078fc68fc78fc78f868fc68fc7cfc787c782c7c2c6a0e7c0c7c2 POW MAX:  -57.686306135995046
PAT:  000000000000878fc68fc78fc78f868fc68fc7cfc787c782c7c2c6a0e7c0c7c2 POW MAX:  -57.55458641052246
PAT:  000000000007878fc68fc78fc78f868fc68fc7cfc787c782c7c2c6a0e7c0c7c2 POW MAX:  -57.44013854435512
PAT:  000000000077878fc68fc78fc78f868fc68fc7cfc787c782c7c2c6a0e7c0c7c2 POW MAX:  -57.40762628827776
PAT:  000000000777878fc68fc78fc78f868fc68fc7cfc787c782c7c2c6a0e7c0c7c2 POW MAX:  -57.54570361546108
PAT:  00000000c777878fc68fc78fc78f868fc68fc7cfc787c782c7c2c6a0e7c0c7c2 POW MAX:  -57.362257957458496
PAT:  00000007c777878fc68fc78fc78f868fc68fc7cfc787c782c7c2c6a0e7c0c7c2 POW MAX:  -57.285174233572825
PAT:  00000087c777878fc68fc78fc78f868fc68fc7cfc787c782c7c2c6a0e7c0c7c2 POW MAX:  -57.20602594103132
PAT:  00000787c777878fc68fc78fc78f868fc68fc7cfc787c782c7c2c6a0e7c0c7c2 POW MAX:  -57.00563308170864
PAT:  0000c787c777878fc68fc78fc78f868fc68fc7cfc787c782c7c2c6a0e7c0c7c2 POW MAX:  -56.83129228864397
PAT:  000fc787c777878fc68fc78fc78f868fc68fc7cfc787c782c7c2c6a0e7c0c7c2 POW MAX:  -56.650165285382954
PAT:  008fc787c777878fc68fc78fc78f868fc68fc7cfc787c782c7c2c6a0e7c0c7c2 POW MAX:  -56.697742870875764
PAT:  068fc787c777878fc68fc78fc78f868fc68fc7cfc787c782c7c2c6a0e7c0c7c2 POW MAX:  -56.43666294642857
PAT:  768fc787c777878fc68fc78fc78f868fc68fc7cfc787c782c7c2c6a0e7c0c7c2 POW MAX:  -56.35497229439871
POINST TOTAL =  1056 Point Range =  66
Channel 1 PEP level: -10.0 dBm
Direct SCPI response on *IDN?: Rohde&Schwarz,SMM100A,1440.8002K02/101983,5.10.035.38  
Measurement prepared. freq: 5500000000.0 span: 0 mode: WRITe revlevel: -40 rbw: 2000 Hz swepnt: 1056 swtcnt: 1
Measurement time: 0.628 s
PAT:  0000000000000000000000000000000000000000000000000000000000000003 POW MAX:  -70.73474796001727
PAT:  00000000000000000000000000000000000000000000000000000000000000c3 POW MAX:  -70.1540401165302
PAT:  00000000000000000000000000000000000000000000000000000000000002c3 POW MAX:  -69.65803381112906
PAT:  000000000000000000000000000000000000000000000000000000000000c2c3 POW MAX:  -69.35171743539664
PAT:  000000000000000000000000000000000000000000000000000000000001c2c3 POW MAX:  -69.17784177339993
PAT:  000000000000000000000000000000000000000000000000000000000081c2c3 POW MAX:  -68.68057016225961
PAT:  000000000000000000000000000000000000000000000000000000000381c2c3 POW MAX:  -67.87328162560097
PAT:  00000000000000000000000000000000000000000000000000000000d381c2c3 POW MAX:  -67.12493515014648
PAT:  00000000000000000000000000000000000000000000000000000003d381c2c3 POW MAX:  -67.29964270958534
PAT:  000000000000000000000000000000000000000000000000000000e3d381c2c3 POW MAX:  -66.90318885216347
PAT:  000000000000000000000000000000000000000000000000000007e3d381c2c3 POW MAX:  -66.54712706345778
PAT:  0000000000000000000000000000000000000000000000000000c7e3d381c2c3 POW MAX:  -66.1731919508714
PAT:  0000000000000000000000000000000000000000000000000003c7e3d381c2c3 POW MAX:  -65.82539397019606
PAT:  0000000000000000000000000000000000000000000000000083c7e3d381c2c3 POW MAX:  -65.67378440270058
PAT:  0000000000000000000000000000000000000000000000000783c7e3d381c2c3 POW MAX:  -65.05326197697566
PAT:  000000000000000000000000000000000000000000000000c783c7e3d381c2c3 POW MAX:  -64.91689447256235
PAT:  000000000000000000000000000000000000000000000007c783c7e3d381c2c3 POW MAX:  -64.57245812049278
PAT:  000000000000000000000000000000000000000000000087c783c7e3d381c2c3 POW MAX:  -64.35326502873347
PAT:  000000000000000000000000000000000000000000000787c783c7e3d381c2c3 POW MAX:  -63.78818570650541
PAT:  00000000000000000000000000000000000000000000c787c783c7e3d381c2c3 POW MAX:  -63.62599167456994
PAT:  00000000000000000000000000000000000000000007c787c783c7e3d381c2c3 POW MAX:  -63.170452264639046
PAT:  00000000000000000000000000000000000000000087c787c783c7e3d381c2c3 POW MAX:  -63.02657127380371
PAT:  00000000000000000000000000000000000000000787c787c783c7e3d381c2c3 POW MAX:  -62.62549136235164
PAT:  0000000000000000000000000000000000000000c787c787c783c7e3d381c2c3 POW MAX:  -62.34472216092623
PAT:  0000000000000000000000000000000000000007c787c787c783c7e3d381c2c3 POW MAX:  -61.96360734792856
PAT:  00000000000000000000000000000000000000c7c787c787c783c7e3d381c2c3 POW MAX:  -61.865640493539665
PAT:  00000000000000000000000000000000000007c7c787c787c783c7e3d381c2c3 POW MAX:  -61.561639932485726
PAT:  000000000000000000000000000000000000c7c7c787c787c783c7e3d381c2c3 POW MAX:  -61.323660190288834
PAT:  000000000000000000000000000000000007c7c7c787c787c783c7e3d381c2c3 POW MAX:  -61.04386945871207
PAT:  000000000000000000000000000000000087c7c7c787c787c783c7e3d381c2c3 POW MAX:  -60.97892922621507
PAT:  000000000000000000000000000000000787c7c7c787c787c783c7e3d381c2c3 POW MAX:  -60.64117798438439
PAT:  000000000000000000000000000000008787c7c7c787c787c783c7e3d381c2c3 POW MAX:  -60.563849669236404
PAT:  000000000000000000000000000000078787c7c7c787c787c783c7e3d381c2c3 POW MAX:  -60.16421670180101
PAT:  000000000000000000000000000000878787c7c7c787c787c783c7e3d381c2c3 POW MAX:  -60.16320125873272
PAT:  000000000000000000000000000007878787c7c7c787c787c783c7e3d381c2c3 POW MAX:  -59.93499565124512
PAT:  0000000000000000000000000000c7878787c7c7c787c787c783c7e3d381c2c3 POW MAX:  -59.82753915053148
PAT:  0000000000000000000000000007c7878787c7c7c787c787c783c7e3d381c2c3 POW MAX:  -59.526583451491135
PAT:  0000000000000000000000000087c7878787c7c7c787c787c783c7e3d381c2c3 POW MAX:  -59.50564061678373
PAT:  0000000000000000000000000787c7878787c7c7c787c787c783c7e3d381c2c3 POW MAX:  -59.32560216463529
PAT:  000000000000000000000000c787c7878787c7c7c787c787c783c7e3d381c2c3 POW MAX:  -59.2000193962684
PAT:  000000000000000000000007c787c7878787c7c7c787c787c783c7e3d381c2c3 POW MAX:  -59.00321490948017
PAT:  000000000000000000000087c787c7878787c7c7c787c787c783c7e3d381c2c3 POW MAX:  -58.92889330937312
PAT:  000000000000000000000787c787c7878787c7c7c787c787c783c7e3d381c2c3 POW MAX:  -58.70432501572829
PAT:  00000000000000000000c787c787c7878787c7c7c787c787c783c7e3d381c2c3 POW MAX:  -58.55972627493051
PAT:  00000000000000000007c787c787c7878787c7c7c787c787c783c7e3d381c2c3 POW MAX:  -58.29546180138221
PAT:  00000000000000000087c787c787c7878787c7c7c787c787c783c7e3d381c2c3 POW MAX:  -58.24128224299504
PAT:  00000000000000000787c787c787c7878787c7c7c787c787c783c7e3d381c2c3 POW MAX:  -57.91914617098295
PAT:  0000000000000000c787c787c787c7878787c7c7c787c787c783c7e3d381c2c3 POW MAX:  -57.802121089054985
PAT:  0000000000000007c787c787c787c7878787c7c7c787c787c783c7e3d381c2c3 POW MAX:  -57.51971802344689
PAT:  0000000000000007c787c787c787c7878787c7c7c787c787c783c7e3d381c2c3 POW MAX:  -57.54473656874437
PAT:  0000000000000707c787c787c787c7878787c7c7c787c787c783c7e3d381c2c3 POW MAX:  -57.374639804546646
PAT:  0000000000008707c787c787c787c7878787c7c7c787c787c783c7e3d381c2c3 POW MAX:  -57.28058624267578
PAT:  0000000000078707c787c787c787c7878787c7c7c787c787c783c7e3d381c2c3 POW MAX:  -57.1600765815148
PAT:  0000000000c78707c787c787c787c7878787c7c7c787c787c783c7e3d381c2c3 POW MAX:  -57.08767861586351
PAT:  0000000007c78707c787c787c787c7878787c7c7c787c787c783c7e3d381c2c3 POW MAX:  -57.005813305194565
PAT:  00000000c7c78707c787c787c787c7878787c7c7c787c787c783c7e3d381c2c3 POW MAX:  -56.872072806725136
PAT:  00000007c7c78707c787c787c787c7878787c7c7c787c787c783c7e3d381c2c3 POW MAX:  -56.754179147573616
PAT:  00000087c7c78707c787c787c787c7878787c7c7c787c787c783c7e3d381c2c3 POW MAX:  -56.692289058978744
PAT:  00000787c7c78707c787c787c787c7878787c7c7c787c787c783c7e3d381c2c3 POW MAX:  -56.50997044489934
PAT:  0000c787c7c78707c787c787c787c7878787c7c7c787c787c783c7e3d381c2c3 POW MAX:  -56.36220755943885
PAT:  0007c787c7c78707c787c787c787c7878787c7c7c787c787c783c7e3d381c2c3 POW MAX:  -56.15584344130296
PAT:  0007c787c7c78707c787c787c787c7878787c7c7c787c787c783c7e3d381c2c3 POW MAX:  -56.15564713111291
PAT:  0707c787c7c78707c787c787c787c7878787c7c7c787c787c783c7e3d381c2c3 POW MAX:  -55.888333980853744
PAT:  8707c787c7c78707c787c787c787c7878787c7c7c787c787c783c7e3d381c2c3 POW MAX:  -55.79706808236929
POINST TOTAL =  704 Point Range =  44
Channel 1 PEP level: -10.0 dBm
Direct SCPI response on *IDN?: Rohde&Schwarz,SMM100A,1440.8002K02/101983,5.10.035.38  
Measurement prepared. freq: 5500000000.0 span: 0 mode: WRITe revlevel: -40 rbw: 2000 Hz swepnt: 704 swtcnt: 1
Measurement time: 0.452 s
PAT:  0000000000000000000000000000000000000000000000000000000000000002 POW MAX:  -70.7228889465332
PAT:  00000000000000000000000000000000000000000000000000000000000000b2 POW MAX:  -70.51945400238037
PAT:  00000000000000000000000000000000000000000000000000000000000002b2 POW MAX:  -70.60321362813313
PAT:  000000000000000000000000000000000000000000000000000000000000d2b2 POW MAX:  -70.36348470052083
PAT:  000000000000000000000000000000000000000000000000000000000002d2b2 POW MAX:  -70.63303852081299
PAT:  0000000000000000000000000000000000000000000000000000000000b2d2b2 POW MAX:  -69.92028363545735
PAT:  0000000000000000000000000000000000000000000000000000000002b2d2b2 POW MAX:  -70.12978998819987
PAT:  00000000000000000000000000000000000000000000000000000000d2b2d2b2 POW MAX:  -70.08749230702718
PAT:  00000000000000000000000000000000000000000000000000000002d2b2d2b2 POW MAX:  -70.34374364217122
PAT:  000000000000000000000000000000000000000000000000000000b2d2b2d2b2 POW MAX:  -70.35244941711426
PAT:  000000000000000000000000000000000000000000000000000006b2d2b2d2b2 POW MAX:  -70.2758617401123
PAT:  0000000000000000000000000000000000000000000000000000b6b2d2b2d2b2 POW MAX:  -70.20295079549153
PAT:  0000000000000000000000000000000000000000000000000002b6b2d2b2d2b2 POW MAX:  -69.98923842112224
PAT:  00000000000000000000000000000000000000000000000000b2b6b2d2b2d2b2 POW MAX:  -70.2939682006836
PAT:  0000000000000000000000000000000000000000000000000fb2b6b2d2b2d2b2 POW MAX:  -69.74029636383057
PAT:  000000000000000000000000000000000000000000000000bfb2b6b2d2b2d2b2 POW MAX:  -69.56244468688965
PAT:  000000000000000000000000000000000000000000000006bfb2b6b2d2b2d2b2 POW MAX:  -69.3488655090332
PAT:  000000000000000000000000000000000000000000000076bfb2b6b2d2b2d2b2 POW MAX:  -69.50675264994304
PAT:  000000000000000000000000000000000000000000000f76bfb2b6b2d2b2d2b2 POW MAX:  -69.4630896250407
PAT:  00000000000000000000000000000000000000000000bf76bfb2b6b2d2b2d2b2 POW MAX:  -69.28311824798584
PAT:  00000000000000000000000000000000000000000006bf76bfb2b6b2d2b2d2b2 POW MAX:  -68.77827294667561
PAT:  00000000000000000000000000000000000000000086bf76bfb2b6b2d2b2d2b2 POW MAX:  -68.94807243347168
PAT:  00000000000000000000000000000000000000000686bf76bfb2b6b2d2b2d2b2 POW MAX:  -67.972887357076
PAT:  0000000000000000000000000000000000000000b686bf76bfb2b6b2d2b2d2b2 POW MAX:  -67.75006071726482
PAT:  0000000000000000000000000000000000000006b686bf76bfb2b6b2d2b2d2b2 POW MAX:  -67.7882210413615
PAT:  00000000000000000000000000000000000000b6b686bf76bfb2b6b2d2b2d2b2 POW MAX:  -68.17255465189616
PAT:  00000000000000000000000000000000000006b6b686bf76bfb2b6b2d2b2d2b2 POW MAX:  -67.94758605957031
PAT:  000000000000000000000000000000000000b6b6b686bf76bfb2b6b2d2b2d2b2 POW MAX:  -68.06352233886719
PAT:  00000000000000000000000000000000000fb6b6b686bf76bfb2b6b2d2b2d2b2 POW MAX:  -67.84639358520508
PAT:  00000000000000000000000000000000007fb6b6b686bf76bfb2b6b2d2b2d2b2 POW MAX:  -67.93863455454509
PAT:  00000000000000000000000000000000067fb6b6b686bf76bfb2b6b2d2b2d2b2 POW MAX:  -67.60624249776204
PAT:  00000000000000000000000000000000b67fb6b6b686bf76bfb2b6b2d2b2d2b2 POW MAX:  -67.90325133005778
PAT:  0000000000000000000000000000000fb67fb6b6b686bf76bfb2b6b2d2b2d2b2 POW MAX:  -66.82088915506999
PAT:  0000000000000000000000000000007fb67fb6b6b686bf76bfb2b6b2d2b2d2b2 POW MAX:  -66.89792156219482
PAT:  00000000000000000000000000000f7fb67fb6b6b686bf76bfb2b6b2d2b2d2b2 POW MAX:  -66.65297794342041
PAT:  00000000000000000000000000007f7fb67fb6b6b686bf76bfb2b6b2d2b2d2b2 POW MAX:  -66.63808314005534
PAT:  000000000000000000000000000f7f7fb67fb6b6b686bf76bfb2b6b2d2b2d2b2 POW MAX:  -66.18225415547688
PAT:  000000000000000000000000000f7f7fb67fb6b6b686bf76bfb2b6b2d2b2d2b2 POW MAX:  -66.20712947845459
PAT:  0000000000000000000000000f0f7f7fb67fb6b6b686bf76bfb2b6b2d2b2d2b2 POW MAX:  -65.65108744303386
PAT:  0000000000000000000000008f0f7f7fb67fb6b6b686bf76bfb2b6b2d2b2d2b2 POW MAX:  -65.4856637318929
PAT:  0000000000000000000000068f0f7f7fb67fb6b6b686bf76bfb2b6b2d2b2d2b2 POW MAX:  -64.91135946909587
PAT:  0000000000000000000000768f0f7f7fb67fb6b6b686bf76bfb2b6b2d2b2d2b2 POW MAX:  -65.05581029256184
PAT:  0000000000000000000006768f0f7f7fb67fb6b6b686bf76bfb2b6b2d2b2d2b2 POW MAX:  -65.20182291666667
PAT:  00000000000000000000b6768f0f7f7fb67fb6b6b686bf76bfb2b6b2d2b2d2b2 POW MAX:  -65.41520277659099
PAT:  0000000000000000000fb6768f0f7f7fb67fb6b6b686bf76bfb2b6b2d2b2d2b2 POW MAX:  -64.89897950490315
PAT:  0000000000000000000fb6768f0f7f7fb67fb6b6b686bf76bfb2b6b2d2b2d2b2 POW MAX:  -64.93569246927898
PAT:  00000000000000000f0fb6768f0f7f7fb67fb6b6b686bf76bfb2b6b2d2b2d2b2 POW MAX:  -64.1613032023112
PAT:  00000000000000007f0fb6768f0f7f7fb67fb6b6b686bf76bfb2b6b2d2b2d2b2 POW MAX:  -63.999357064565025
PAT:  000000000000000f7f0fb6768f0f7f7fb67fb6b6b686bf76bfb2b6b2d2b2d2b2 POW MAX:  -63.766242345174156
PAT:  000000000000000f7f0fb6768f0f7f7fb67fb6b6b686bf76bfb2b6b2d2b2d2b2 POW MAX:  -63.85085868835449
PAT:  0000000000000e0f7f0fb6768f0f7f7fb67fb6b6b686bf76bfb2b6b2d2b2d2b2 POW MAX:  -63.51569175720215
PAT:  0000000000008e0f7f0fb6768f0f7f7fb67fb6b6b686bf76bfb2b6b2d2b2d2b2 POW MAX:  -63.34150139490763
PAT:  00000000000f8e0f7f0fb6768f0f7f7fb67fb6b6b686bf76bfb2b6b2d2b2d2b2 POW MAX:  -62.917848904927574
PAT:  00000000007f8e0f7f0fb6768f0f7f7fb67fb6b6b686bf76bfb2b6b2d2b2d2b2 POW MAX:  -62.920285860697426
PAT:  00000000067f8e0f7f0fb6768f0f7f7fb67fb6b6b686bf76bfb2b6b2d2b2d2b2 POW MAX:  -63.03976917266846
PAT:  00000000b67f8e0f7f0fb6768f0f7f7fb67fb6b6b686bf76bfb2b6b2d2b2d2b2 POW MAX:  -63.04547850290934
PAT:  00000006b67f8e0f7f0fb6768f0f7f7fb67fb6b6b686bf76bfb2b6b2d2b2d2b2 POW MAX:  -62.85819133122762
PAT:  00000076b67f8e0f7f0fb6768f0f7f7fb67fb6b6b686bf76bfb2b6b2d2b2d2b2 POW MAX:  -63.058290004730225
PAT:  00000f76b67f8e0f7f0fb6768f0f7f7fb67fb6b6b686bf76bfb2b6b2d2b2d2b2 POW MAX:  -63.029917081197105
PAT:  0000bf76b67f8e0f7f0fb6768f0f7f7fb67fb6b6b686bf76bfb2b6b2d2b2d2b2 POW MAX:  -62.848474979400635
PAT:  0006bf76b67f8e0f7f0fb6768f0f7f7fb67fb6b6b686bf76bfb2b6b2d2b2d2b2 POW MAX:  -62.63513946533203
PAT:  0006bf76b67f8e0f7f0fb6768f0f7f7fb67fb6b6b686bf76bfb2b6b2d2b2d2b2 POW MAX:  -62.846804777781166
PAT:  0d06bf76b67f8e0f7f0fb6768f0f7f7fb67fb6b6b686bf76bfb2b6b2d2b2d2b2 POW MAX:  -62.24961312611898
PAT:  8d06bf76b67f8e0f7f0fb6768f0f7f7fb67fb6b6b686bf76bfb2b6b2d2b2d2b2 POW MAX:  -62.304561932881676
